build/app/outputs/mapping/release/seeds.txt
androidx.window.embedding.EmbeddingBackend: void registerRule(androidx.window.embedding.EmbeddingRule)
androidx.window.embedding.SplitPlaceholderRule: androidx.window.embedding.SplitPlaceholderRule plus$window_release(androidx.window.embedding.ActivityFilter)
kotlinx.coroutines.CoroutineStart: kotlinx.coroutines.CoroutineStart[] values()
io.flutter.embedding.engine.renderer.SurfaceTextureWrapper: SurfaceTextureWrapper(android.graphics.SurfaceTexture,java.lang.Runnable)
androidx.window.layout.SidecarCompat$DistinctSidecarElementCallback: SidecarCompat$DistinctSidecarElementCallback(androidx.window.layout.SidecarAdapter,androidx.window.sidecar.SidecarInterface$SidecarCallback)
io.flutter.embedding.engine.FlutterJNI: void onSurfaceDestroyed()
kotlin.jvm.internal.Lambda: java.lang.String toString()
io.flutter.embedding.engine.FlutterJNI: void removeEngineLifecycleListener(io.flutter.embedding.engine.FlutterEngine$EngineLifecycleListener)
androidx.window.embedding.ActivityRule: ActivityRule(java.util.Set,boolean,int,kotlin.jvm.internal.DefaultConstructorMarker)
kotlin.reflect.KVisibility: kotlin.reflect.KVisibility[] values()
androidx.core.view.WindowInsetsCompat$BuilderImpl: WindowInsetsCompat$BuilderImpl()
kotlinx.coroutines.scheduling.SchedulerTimeSource: SchedulerTimeSource()
androidx.window.layout.SidecarCompat: void register(android.os.IBinder,android.app.Activity)
androidx.window.layout.WindowBackend: void unregisterLayoutChangeCallback(androidx.core.util.Consumer)
androidx.window.embedding.ExtensionEmbeddingBackend$Companion: ExtensionEmbeddingBackend$Companion()
kotlin.jvm.internal.FunctionReference: int getArity()
io.flutter.embedding.engine.FlutterJNI: void removeIsDisplayingFlutterUiListener(io.flutter.embedding.engine.renderer.FlutterUiDisplayListener)
io.flutter.embedding.engine.FlutterJNI: void addEngineLifecycleListener(io.flutter.embedding.engine.FlutterEngine$EngineLifecycleListener)
io.flutter.embedding.engine.mutatorsstack.FlutterMutatorsStack: void pushClipRRect(int,int,int,int,float[])
io.flutter.embedding.engine.FlutterJNI: android.graphics.Bitmap decodeImage(java.nio.ByteBuffer,long)
androidx.window.embedding.ActivityFilter: android.content.ComponentName getComponentName()
androidx.window.layout.WindowMetricsCalculatorCompat: android.graphics.Rect computeWindowBoundsN$window_release(android.app.Activity)
io.flutter.embedding.engine.FlutterJNI: java.lang.String[] computePlatformResolvedLocale(java.lang.String[])
androidx.window.embedding.SplitRule: int getLayoutDirection()
io.flutter.embedding.engine.FlutterJNI: java.lang.String getObservatoryUri()
io.flutter.embedding.engine.FlutterJNI: boolean isCodePointEmoji(int)
androidx.window.layout.HardwareFoldingFeature$Companion: void validateFeatureBounds$window_release(androidx.window.core.Bounds)
androidx.window.embedding.EmbeddingAdapter: java.util.Set translate(java.util.Set)
androidx.core.app.RemoteActionCompatParcelizer: RemoteActionCompatParcelizer()
kotlin.coroutines.jvm.internal.SuspendLambda: SuspendLambda(int,kotlin.coroutines.Continuation)
io.flutter.embedding.engine.renderer.FlutterRenderer$ImageTextureRegistryEntry: void release()
androidx.window.layout.ActivityCompatHelperApi30: ActivityCompatHelperApi30()
androidx.window.layout.SidecarAdapter$Companion: java.util.List getSidecarDisplayFeatures(androidx.window.sidecar.SidecarWindowLayoutInfo)
androidx.window.embedding.EmbeddingAdapter: boolean translateActivityPredicates$lambda-6(java.util.Set,android.app.Activity)
android.support.v4.graphics.drawable.IconCompatParcelizer: IconCompatParcelizer()
kotlin.jvm.internal.CallableReference: boolean isAbstract()
androidx.window.layout.ExtensionWindowLayoutInfoBackend: void unregisterLayoutChangeCallback(androidx.core.util.Consumer)
androidx.window.embedding.ExtensionEmbeddingBackend: void access$setGlobalInstance$cp(androidx.window.embedding.ExtensionEmbeddingBackend)