build/app/outputs/mapping/release/mapping.txt
# compiler: R8
# compiler_version: 3.3.70
# min_api: 19
# common_typos_disable
# {"id":"com.android.tools.r8.mapping","version":"2.0"}
# pg_map_id: f73c450
# pg_map_hash: SHA-256 f73c450d749e3fd42594196e7655e7a6210b876c43542512fb42e8b755d525e6
...
io.flutter.embedding.engine.systemchannels.KeyEventChannel -> w.d:
    io.flutter.plugin.common.BasicMessageChannel channel -> a
    void $r8$lambda$RL0HJ5TnZGrDabOeA71yhjryCe4(io.flutter.embedding.engine.systemchannels.KeyEventChannel$EventResponseHandler,java.lang.Object) -> a
      # {"id":"com.android.tools.r8.synthesized"}
    io.flutter.plugin.common.BasicMessageChannel$Reply createReplyHandler(io.flutter.embedding.engine.systemchannels.KeyEventChannel$EventResponseHandler) -> b
    java.util.Map encodeKeyEvent(io.flutter.embedding.engine.systemchannels.KeyEventChannel$FlutterKeyEvent,boolean) -> c
    void lambda$createReplyHandler$0(io.flutter.embedding.engine.systemchannels.KeyEventChannel$EventResponseHandler,java.lang.Object) -> d
    void sendFlutterKeyEvent(io.flutter.embedding.engine.systemchannels.KeyEventChannel$FlutterKeyEvent,boolean,io.flutter.embedding.engine.systemchannels.KeyEventChannel$EventResponseHandler) -> e
io.flutter.embedding.engine.systemchannels.KeyEventChannel$$ExternalSyntheticLambda0 -> w.c:
# {"id":"sourceFile","fileName":"R8$$SyntheticClass"}
# {"id":"com.android.tools.r8.synthesized"}
    io.flutter.embedding.engine.systemchannels.KeyEventChannel$EventResponseHandler io.flutter.embedding.engine.systemchannels.KeyEventChannel$$InternalSyntheticLambda$2$2a0e2abef616d6cea4b4f1a8a10072820346c8d644dd4afd70e232766d86619d$0.f$0 -> a
    void io.flutter.embedding.engine.systemchannels.KeyEventChannel$$InternalSyntheticLambda$2$2a0e2abef616d6cea4b4f1a8a10072820346c8d644dd4afd70e232766d86619d$0.<init>(io.flutter.embedding.engine.systemchannels.KeyEventChannel$EventResponseHandler) -> <init>
      # {"id":"com.android.tools.r8.synthesized"}
    void io.flutter.embedding.engine.systemchannels.KeyEventChannel$$InternalSyntheticLambda$2$2a0e2abef616d6cea4b4f1a8a10072820346c8d644dd4afd70e232766d86619d$0.reply(java.lang.Object) -> a
      # {"id":"com.android.tools.r8.synthesized"}
io.flutter.embedding.engine.systemchannels.KeyEventChannel$EventResponseHandler -> w.d$a:
    void onFrameworkResponse(boolean) -> a
io.flutter.embedding.engine.systemchannels.KeyEventChannel$FlutterKeyEvent -> w.d$b:
    android.view.KeyEvent event -> a
    java.lang.Character complexCharacter -> b
io.flutter.embedding.engine.systemchannels.KeyboardChannel -> w.e:
    io.flutter.plugin.common.MethodChannel$MethodCallHandler parsingMethodHandler -> c
    io.flutter.embedding.engine.systemchannels.KeyboardChannel$KeyboardMethodHandler keyboardMethodHandler -> b
    io.flutter.plugin.common.MethodChannel channel -> a
    io.flutter.embedding.engine.systemchannels.KeyboardChannel$KeyboardMethodHandler access$000(io.flutter.embedding.engine.systemchannels.KeyboardChannel) -> a
    void setKeyboardMethodHandler(io.flutter.embedding.engine.systemchannels.KeyboardChannel$KeyboardMethodHandler) -> b
io.flutter.embedding.engine.systemchannels.KeyboardChannel$1 -> w.e$a:
    java.util.Map pressedState -> a
    io.flutter.embedding.engine.systemchannels.KeyboardChannel this$0 -> b
    void onMethodCall(io.flutter.plugin.common.MethodCall,io.flutter.plugin.common.MethodChannel$Result) -> a
io.flutter.embedding.engine.systemchannels.KeyboardChannel$KeyboardMethodHandler -> w.e$b:
    java.util.Map getKeyboardState() -> a
io.flutter.embedding.engine.systemchannels.LifecycleChannel -> w.f:
    io.flutter.embedding.engine.systemchannels.LifecycleChannel$AppLifecycleState lastFlutterState -> b
    io.flutter.embedding.engine.systemchannels.LifecycleChannel$AppLifecycleState lastAndroidState -> a
    io.flutter.plugin.common.BasicMessageChannel channel -> d
    boolean lastFocus -> c
    void aWindowIsFocused() -> a
    void appIsDetached() -> b
    void appIsInactive() -> c
    void appIsPaused() -> d
    void appIsResumed() -> e
    void noWindowsAreFocused() -> f
    void sendState(io.flutter.embedding.engine.systemchannels.LifecycleChannel$AppLifecycleState,boolean) -> g