build/app/outputs/mapping/release/usage.txt
androidx.viewpager.widget.PagerTabStrip$2
androidx.viewpager.widget.PagerTabStrip
androidx.viewpager.widget.PagerTitleStrip$PageListener
androidx.viewpager.widget.PagerTitleStrip$SingleLineAllCapsTransform
androidx.viewpager.widget.PagerTitleStrip
androidx.viewpager.widget.ViewPager$1
androidx.viewpager.widget.ViewPager$2
androidx.viewpager.widget.ViewPager$3
androidx.viewpager.widget.ViewPager$4
androidx.viewpager.widget.ViewPager$DecorView
androidx.viewpager.widget.ViewPager$ItemInfo
androidx.viewpager.widget.ViewPager$LayoutParams
androidx.viewpager.widget.ViewPager$MyAccessibilityDelegate
androidx.viewpager.widget.ViewPager$OnAdapterChangeListener
androidx.viewpager.widget.ViewPager$OnPageChangeListener
androidx.viewpager.widget.ViewPager$PageTransformer
androidx.viewpager.widget.ViewPager$PagerObserver
androidx.viewpager.widget.ViewPager$SavedState$1
androidx.viewpager.widget.ViewPager$SavedState
androidx.viewpager.widget.ViewPager$SimpleOnPageChangeListener
androidx.viewpager.widget.ViewPager$ViewPositionComparator
androidx.viewpager.widget.ViewPager
com.example.expenses.BuildConfig
com.example.expenses.R$attr
com.example.expenses.R$color
com.example.expenses.R$dimen
com.example.expenses.R$drawable
com.example.expenses.R$id
com.example.expenses.R$integer
com.example.expenses.R$layout
com.example.expenses.R$mipmap
com.example.expenses.R$string
com.example.expenses.R$style
com.example.expenses.R$styleable
com.example.expenses.R
io.flutter.BuildConfig
io.flutter.FlutterInjector$Builder:
    public io.flutter.FlutterInjector$Builder setDeferredComponentManager(io.flutter.embedding.engine.deferredcomponents.DeferredComponentManager)
    public io.flutter.FlutterInjector$Builder setExecutorService(java.util.concurrent.ExecutorService)
    public io.flutter.FlutterInjector$Builder setFlutterJNIFactory(io.flutter.embedding.engine.FlutterJNI$Factory)
    public io.flutter.FlutterInjector$Builder setFlutterLoader(io.flutter.embedding.engine.loader.FlutterLoader)
io.flutter.FlutterInjector:
    public static void reset()
    public static void setInstance(io.flutter.FlutterInjector)
io.flutter.Log:
    public void <init>()
    public static void d(java.lang.String,java.lang.String,java.lang.Throwable)
    public static void i(java.lang.String,java.lang.String,java.lang.Throwable)
    public static void println(int,java.lang.String,java.lang.String)
    public static void setLogLevel(int)
    public static void v(java.lang.String,java.lang.String,java.lang.Throwable)
    public static void wtf(java.lang.String,java.lang.String)
    public static void wtf(java.lang.String,java.lang.String,java.lang.Throwable)
io.flutter.app.FlutterActivity
io.flutter.app.FlutterActivityDelegate$1$1
io.flutter.app.FlutterActivityDelegate$1
io.flutter.app.FlutterActivityDelegate$ViewFactory
io.flutter.app.FlutterActivityDelegate
io.flutter.app.FlutterActivityEvents
io.flutter.app.FlutterApplication
io.flutter.app.FlutterFragmentActivity
io.flutter.app.FlutterPlayStoreSplitApplication
io.flutter.app.FlutterPluginRegistry$FlutterRegistrar
io.flutter.app.FlutterPluginRegistry
io.flutter.embedding.android.AndroidTouchProcessor$PointerChange
io.flutter.embedding.android.AndroidTouchProcessor$PointerDeviceKind
io.flutter.embedding.android.AndroidTouchProcessor$PointerSignalKind
io.flutter.embedding.android.AndroidTouchProcessor:
    static final int BYTES_PER_FIELD
    static final int DEFAULT_HORIZONTAL_SCROLL_FACTOR
    static final int DEFAULT_VERTICAL_SCROLL_FACTOR
    private static final int IMPLICIT_VIEW_ID
    private static final int POINTER_DATA_FIELD_COUNT
    private static final int POINTER_DATA_FLAG_BATCHED
    private static final java.lang.String TAG
io.flutter.embedding.android.FlutterActivity$CachedEngineIntentBuilder
io.flutter.embedding.android.FlutterActivity$NewEngineInGroupIntentBuilder
io.flutter.embedding.android.FlutterActivity$NewEngineIntentBuilder